This is pdfTeX, Version 3.141592653-2.6-1.40.26 (TeX Live 2024) (preloaded format=pdflatex 2025.2.2)  2 FEB 2025 10:28
entering extended mode
 restricted \write18 enabled.
 %&-line parsing enabled.
**UniversiDATA_FaseFinal.tex
(./UniversiDATA_FaseFinal.tex
LaTeX2e <2024-11-01> patch level 2
L3 programming layer <2025-01-18>
(/Users/fernandoair/Library/TinyTeX/texmf-dist/tex/latex/base/article.cls
Document Class: article 2024/06/29 v1.4n Standard LaTeX document class
(/Users/fernandoair/Library/TinyTeX/texmf-dist/tex/latex/base/size12.clo
File: size12.clo 2024/06/29 v1.4n Standard LaTeX file (size option)
)
\c@part=\count196
\c@section=\count197
\c@subsection=\count198
\c@subsubsection=\count199
\c@paragraph=\count266
\c@subparagraph=\count267
\c@figure=\count268
\c@table=\count269
\abovecaptionskip=\skip49
\belowcaptionskip=\skip50
\bibindent=\dimen141
) (/Users/fernandoair/Library/TinyTeX/texmf-dist/tex/latex/amsmath/amsmath.sty
Package: amsmath 2024/11/05 v2.17t AMS math features
\@mathmargin=\skip51
For additional information on amsmath, use the `?' option.
(/Users/fernandoair/Library/TinyTeX/texmf-dist/tex/latex/amsmath/amstext.sty
Package: amstext 2021/08/26 v2.01 AMS text
(/Users/fernandoair/Library/TinyTeX/texmf-dist/tex/latex/amsmath/amsgen.sty
File: amsgen.sty 1999/11/30 v2.0 generic functions
\@emptytoks=\toks17
\ex@=\dimen142
)) (/Users/fernandoair/Library/TinyTeX/texmf-dist/tex/latex/amsmath/amsbsy.sty
Package: amsbsy 1999/11/29 v1.2d Bold Symbols
\pmbraise@=\dimen143
) (/Users/fernandoair/Library/TinyTeX/texmf-dist/tex/latex/amsmath/amsopn.sty
Package: amsopn 2022/04/08 v2.04 operator names
)
\inf@bad=\count270
LaTeX Info: Redefining \frac on input line 233.
\uproot@=\count271
\leftroot@=\count272
LaTeX Info: Redefining \overline on input line 398.
LaTeX Info: Redefining \colon on input line 409.
\classnum@=\count273
\DOTSCASE@=\count274
LaTeX Info: Redefining \ldots on input line 495.
LaTeX Info: Redefining \dots on input line 498.
LaTeX Info: Redefining \cdots on input line 619.
\Mathstrutbox@=\box52
\strutbox@=\box53
LaTeX Info: Redefining \big on input line 721.
LaTeX Info: Redefining \Big on input line 722.
LaTeX Info: Redefining \bigg on input line 723.
LaTeX Info: Redefining \Bigg on input line 724.
\big@size=\dimen144
LaTeX Font Info:    Redeclaring font encoding OML on input line 742.
LaTeX Font Info:    Redeclaring font encoding OMS on input line 743.
\macc@depth=\count275
LaTeX Info: Redefining \bmod on input line 904.
LaTeX Info: Redefining \pmod on input line 909.
LaTeX Info: Redefining \smash on input line 939.
LaTeX Info: Redefining \relbar on input line 969.
LaTeX Info: Redefining \Relbar on input line 970.
\c@MaxMatrixCols=\count276
\dotsspace@=\muskip17
\c@parentequation=\count277
\dspbrk@lvl=\count278
\tag@help=\toks18
\row@=\count279
\column@=\count280
\maxfields@=\count281
\andhelp@=\toks19
\eqnshift@=\dimen145
\alignsep@=\dimen146
\tagshift@=\dimen147
\tagwidth@=\dimen148
\totwidth@=\dimen149
\lineht@=\dimen150
\@envbody=\toks20
\multlinegap=\skip52
\multlinetaggap=\skip53
\mathdisplay@stack=\toks21
LaTeX Info: Redefining \[ on input line 2953.
LaTeX Info: Redefining \] on input line 2954.
) (/Users/fernandoair/Library/TinyTeX/texmf-dist/tex/latex/amsfonts/amssymb.sty
Package: amssymb 2013/01/14 v3.01 AMS font symbols
(/Users/fernandoair/Library/TinyTeX/texmf-dist/tex/latex/amsfonts/amsfonts.sty
Package: amsfonts 2013/01/14 v3.01 Basic AMSFonts support
\symAMSa=\mathgroup4
\symAMSb=\mathgroup5
LaTeX Font Info:    Redeclaring math symbol \hbar on input line 98.
LaTeX Font Info:    Overwriting math alphabet `\mathfrak' in version `bold'
(Font)                  U/euf/m/n --> U/euf/b/n on input line 106.
)) (/Users/fernandoair/Library/TinyTeX/texmf-dist/tex/generic/iftex/iftex.sty
Package: iftex 2024/12/12 v1.0g TeX engine tests
) (/Users/fernandoair/Library/TinyTeX/texmf-dist/tex/latex/base/fontenc.sty
Package: fontenc 2021/04/29 v2.0v Standard LaTeX package
) (/Users/fernandoair/Library/TinyTeX/texmf-dist/tex/latex/base/inputenc.sty
Package: inputenc 2024/02/08 v1.3d Input encoding file
\inpenc@prehook=\toks22
\inpenc@posthook=\toks23
) (/Users/fernandoair/Library/TinyTeX/texmf-dist/tex/latex/base/textcomp.sty
Package: textcomp 2024/04/24 v2.1b Standard LaTeX package
) (/Users/fernandoair/Library/TinyTeX/texmf-dist/tex/latex/lm/lmodern.sty
Package: lmodern 2015/05/01 v1.6.1 Latin Modern Fonts
LaTeX Font Info:    Overwriting symbol font `operators' in version `normal'
(Font)                  OT1/cmr/m/n --> OT1/lmr/m/n on input line 22.
LaTeX Font Info:    Overwriting symbol font `letters' in version `normal'
(Font)                  OML/cmm/m/it --> OML/lmm/m/it on input line 23.
LaTeX Font Info:    Overwriting symbol font `symbols' in version `normal'
(Font)                  OMS/cmsy/m/n --> OMS/lmsy/m/n on input line 24.
LaTeX Font Info:    Overwriting symbol font `largesymbols' in version `normal'
(Font)                  OMX/cmex/m/n --> OMX/lmex/m/n on input line 25.
LaTeX Font Info:    Overwriting symbol font `operators' in version `bold'
(Font)                  OT1/cmr/bx/n --> OT1/lmr/bx/n on input line 26.
LaTeX Font Info:    Overwriting symbol font `letters' in version `bold'
(Font)                  OML/cmm/b/it --> OML/lmm/b/it on input line 27.
LaTeX Font Info:    Overwriting symbol font `symbols' in version `bold'
(Font)                  OMS/cmsy/b/n --> OMS/lmsy/b/n on input line 28.
LaTeX Font Info:    Overwriting symbol font `largesymbols' in version `bold'
(Font)                  OMX/cmex/m/n --> OMX/lmex/m/n on input line 29.
LaTeX Font Info:    Overwriting math alphabet `\mathbf' in version `normal'
(Font)                  OT1/cmr/bx/n --> OT1/lmr/bx/n on input line 31.
LaTeX Font Info:    Overwriting math alphabet `\mathsf' in version `normal'
(Font)                  OT1/cmss/m/n --> OT1/lmss/m/n on input line 32.
LaTeX Font Info:    Overwriting math alphabet `\mathit' in version `normal'
(Font)                  OT1/cmr/m/it --> OT1/lmr/m/it on input line 33.
LaTeX Font Info:    Overwriting math alphabet `\mathtt' in version `normal'
(Font)                  OT1/cmtt/m/n --> OT1/lmtt/m/n on input line 34.
LaTeX Font Info:    Overwriting math alphabet `\mathbf' in version `bold'
(Font)                  OT1/cmr/bx/n --> OT1/lmr/bx/n on input line 35.
LaTeX Font Info:    Overwriting math alphabet `\mathsf' in version `bold'
(Font)                  OT1/cmss/bx/n --> OT1/lmss/bx/n on input line 36.
LaTeX Font Info:    Overwriting math alphabet `\mathit' in version `bold'
(Font)                  OT1/cmr/bx/it --> OT1/lmr/bx/it on input line 37.
LaTeX Font Info:    Overwriting math alphabet `\mathtt' in version `bold'
(Font)                  OT1/cmtt/m/n --> OT1/lmtt/m/n on input line 38.
) (/Users/fernandoair/Library/TinyTeX/texmf-dist/tex/latex/upquote/upquote.sty
Package: upquote 2012/04/19 v1.3 upright-quote and grave-accent glyphs in verbatim
) (/Users/fernandoair/Library/TinyTeX/texmf-dist/tex/latex/microtype/microtype.sty
Package: microtype 2024/12/12 v3.2 Micro-typographical refinements (RS)
(/Users/fernandoair/Library/TinyTeX/texmf-dist/tex/latex/graphics/keyval.sty
Package: keyval 2022/05/29 v1.15 key=value parser (DPC)
\KV@toks@=\toks24
) (/Users/fernandoair/Library/TinyTeX/texmf-dist/tex/latex/etoolbox/etoolbox.sty
Package: etoolbox 2020/10/05 v2.5k e-TeX tools for LaTeX (JAW)
\etb@tempcnta=\count282
)
\MT@toks=\toks25
\MT@tempbox=\box54
\MT@count=\count283
LaTeX Info: Redefining \noprotrusionifhmode on input line 1075.
LaTeX Info: Redefining \leftprotrusion on input line 1076.
\MT@prot@toks=\toks26
LaTeX Info: Redefining \rightprotrusion on input line 1095.
LaTeX Info: Redefining \textls on input line 1437.
\MT@outer@kern=\dimen151
LaTeX Info: Redefining \microtypecontext on input line 2041.
LaTeX Info: Redefining \textmicrotypecontext on input line 2058.
\MT@listname@count=\count284
(/Users/fernandoair/Library/TinyTeX/texmf-dist/tex/latex/microtype/microtype-pdftex.def
File: microtype-pdftex.def 2024/12/12 v3.2 Definitions specific to pdftex (RS)
LaTeX Info: Redefining \lsstyle on input line 944.
LaTeX Info: Redefining \lslig on input line 944.
\MT@outer@space=\skip54
)
Package microtype Info: Loading configuration file microtype.cfg.
(/Users/fernandoair/Library/TinyTeX/texmf-dist/tex/latex/microtype/microtype.cfg
File: microtype.cfg 2024/12/12 v3.2 microtype main configuration file (RS)
)
LaTeX Info: Redefining \microtypesetup on input line 3053.
) (/Users/fernandoair/Library/TinyTeX/texmf-dist/tex/latex/parskip/parskip.sty
Package: parskip 2021-03-14 v2.0h non-zero parskip adjustments
(/Users/fernandoair/Library/TinyTeX/texmf-dist/tex/latex/kvoptions/kvoptions.sty
Package: kvoptions 2022-06-15 v3.15 Key value format for package options (HO)
(/Users/fernandoair/Library/TinyTeX/texmf-dist/tex/generic/ltxcmds/ltxcmds.sty
Package: ltxcmds 2023-12-04 v1.26 LaTeX kernel commands for general use (HO)
) (/Users/fernandoair/Library/TinyTeX/texmf-dist/tex/latex/kvsetkeys/kvsetkeys.sty
Package: kvsetkeys 2022-10-05 v1.19 Key value parser (HO)
))) (/Users/fernandoair/Library/TinyTeX/texmf-dist/tex/latex/xcolor/xcolor.sty
Package: xcolor 2024/09/29 v3.02 LaTeX color extensions (UK)
(/Users/fernandoair/Library/TinyTeX/texmf-dist/tex/latex/graphics-cfg/color.cfg
File: color.cfg 2016/01/02 v1.6 sample color configuration
)
Package xcolor Info: Driver file: pdftex.def on input line 274.
(/Users/fernandoair/Library/TinyTeX/texmf-dist/tex/latex/graphics-def/pdftex.def
File: pdftex.def 2024/04/13 v1.2c Graphics/color driver for pdftex
) (/Users/fernandoair/Library/TinyTeX/texmf-dist/tex/latex/graphics/mathcolor.ltx)
Package xcolor Info: Model `cmy' substituted by `cmy0' on input line 1349.
Package xcolor Info: Model `hsb' substituted by `rgb' on input line 1353.
Package xcolor Info: Model `RGB' extended on input line 1365.
Package xcolor Info: Model `HTML' substituted by `rgb' on input line 1367.
Package xcolor Info: Model `Hsb' substituted by `hsb' on input line 1368.
Package xcolor Info: Model `tHsb' substituted by `hsb' on input line 1369.
Package xcolor Info: Model `HSB' substituted by `hsb' on input line 1370.
Package xcolor Info: Model `Gray' substituted by `gray' on input line 1371.
Package xcolor Info: Model `wave' substituted by `hsb' on input line 1372.
) (/Users/fernandoair/Library/TinyTeX/texmf-dist/tex/latex/graphics/dvipsnam.def
File: dvipsnam.def 2016/06/17 v3.0m Driver-dependent file (DPC,SPQR)
) (/Users/fernandoair/Library/TinyTeX/texmf-dist/tex/latex/xcolor/svgnam.def
File: svgnam.def 2024/09/29 v3.02 Predefined colors according to SVG 1.1 (UK)
) (/Users/fernandoair/Library/TinyTeX/texmf-dist/tex/latex/xcolor/x11nam.def
File: x11nam.def 2024/09/29 v3.02 Predefined colors according to Unix/X11 (UK)
) (/Users/fernandoair/Library/TinyTeX/texmf-dist/tex/latex/geometry/geometry.sty
Package: geometry 2020/01/02 v5.9 Page Geometry
(/Users/fernandoair/Library/TinyTeX/texmf-dist/tex/generic/iftex/ifvtex.sty
Package: ifvtex 2019/10/25 v1.7 ifvtex legacy package. Use iftex instead.
)
\Gm@cnth=\count285
\Gm@cntv=\count286
\c@Gm@tempcnt=\count287
\Gm@bindingoffset=\dimen152
\Gm@wd@mp=\dimen153
\Gm@odd@mp=\dimen154
\Gm@even@mp=\dimen155
\Gm@layoutwidth=\dimen156
\Gm@layoutheight=\dimen157
\Gm@layouthoffset=\dimen158
\Gm@layoutvoffset=\dimen159
\Gm@dimlist=\toks27
) (/Users/fernandoair/Library/TinyTeX/texmf-dist/tex/latex/graphics/graphicx.sty
Package: graphicx 2021/09/16 v1.2d Enhanced LaTeX Graphics (DPC,SPQR)
(/Users/fernandoair/Library/TinyTeX/texmf-dist/tex/latex/graphics/graphics.sty
Package: graphics 2024/08/06 v1.4g Standard LaTeX Graphics (DPC,SPQR)
(/Users/fernandoair/Library/TinyTeX/texmf-dist/tex/latex/graphics/trig.sty
Package: trig 2023/12/02 v1.11 sin cos tan (DPC)
) (/Users/fernandoair/Library/TinyTeX/texmf-dist/tex/latex/graphics-cfg/graphics.cfg
File: graphics.cfg 2016/06/04 v1.11 sample graphics configuration
)
Package graphics Info: Driver file: pdftex.def on input line 106.
)
\Gin@req@height=\dimen160
\Gin@req@width=\dimen161
)
\cslhangindent=\skip55
\csllabelwidth=\skip56
\cslentryspacingunit=\skip57
(/Users/fernandoair/Library/TinyTeX/texmf-dist/tex/latex/tools/calc.sty
Package: calc 2023/07/08 v4.3 Infix arithmetic (KKT,FJ)
\calc@Acount=\count288
\calc@Bcount=\count289
\calc@Adimen=\dimen162
\calc@Bdimen=\dimen163
\calc@Askip=\skip58
\calc@Bskip=\skip59
LaTeX Info: Redefining \setlength on input line 80.
LaTeX Info: Redefining \addtolength on input line 81.
\calc@Ccount=\count290
\calc@Cskip=\skip60
) (/Users/fernandoair/Library/TinyTeX/texmf-dist/tex/latex/booktabs/booktabs.sty
Package: booktabs 2020/01/12 v1.61803398 Publication quality tables
\heavyrulewidth=\dimen164
\lightrulewidth=\dimen165
\cmidrulewidth=\dimen166
\belowrulesep=\dimen167
\belowbottomsep=\dimen168
\aboverulesep=\dimen169
\abovetopsep=\dimen170
\cmidrulesep=\dimen171
\cmidrulekern=\dimen172
\defaultaddspace=\dimen173
\@cmidla=\count291
\@cmidlb=\count292
\@aboverulesep=\dimen174
\@belowrulesep=\dimen175
\@thisruleclass=\count293
\@lastruleclass=\count294
\@thisrulewidth=\dimen176
) (/Users/fernandoair/Library/TinyTeX/texmf-dist/tex/latex/tools/longtable.sty
Package: longtable 2024-10-27 v4.22 Multi-page Table package (DPC)
\LTleft=\skip61
\LTright=\skip62
\LTpre=\skip63
\LTpost=\skip64
\LTchunksize=\count295
\LTcapwidth=\dimen177
\LT@head=\box55
\LT@firsthead=\box56
\LT@foot=\box57
\LT@lastfoot=\box58
\LT@gbox=\box59
\LT@cols=\count296
\LT@rows=\count297
\c@LT@tables=\count298
\c@LT@chunks=\count299
\LT@p@ftn=\toks28
) (/Users/fernandoair/Library/TinyTeX/texmf-dist/tex/latex/tools/array.sty
Package: array 2024/10/17 v2.6g Tabular extension package (FMi)
\col@sep=\dimen178
\ar@mcellbox=\box60
\extrarowheight=\dimen179
\NC@list=\toks29
\extratabsurround=\skip65
\backup@length=\skip66
\ar@cellbox=\box61
) (/Users/fernandoair/Library/TinyTeX/texmf-dist/tex/latex/multirow/multirow.sty
Package: multirow 2024/11/12 v2.9 Span multiple rows of a table
\multirow@colwidth=\skip67
\multirow@cntb=\count300
\multirow@dima=\skip68
\bigstrutjot=\dimen180
) (/Users/fernandoair/Library/TinyTeX/texmf-dist/tex/latex/wrapfig/wrapfig.sty
\wrapoverhang=\dimen181
\WF@size=\dimen182
\c@WF@wrappedlines=\count301
\WF@box=\box62
\WF@everypar=\toks30
Package: wrapfig 2003/01/31  v 3.6
) (/Users/fernandoair/Library/TinyTeX/texmf-dist/tex/latex/float/float.sty
Package: float 2001/11/08 v1.3d Float enhancements (AL)
\c@float@type=\count302
\float@exts=\toks31
\float@box=\box63
\@float@everytoks=\toks32
\@floatcapt=\box64
) (/Users/fernandoair/Library/TinyTeX/texmf-dist/tex/latex/colortbl/colortbl.sty
Package: colortbl 2024/07/06 v1.0i Color table columns (DPC)
\everycr=\toks33
\minrowclearance=\skip69
\rownum=\count303
) (/Users/fernandoair/Library/TinyTeX/texmf-dist/tex/latex/pdflscape/pdflscape.sty
Package: pdflscape 2022-10-27 v0.13 Display of landscape pages in PDF
(/Users/fernandoair/Library/TinyTeX/texmf-dist/tex/latex/pdflscape/pdflscape-nometadata.sty
Package: pdflscape-nometadata 2022-10-28 v0.13 Display of landscape pages in PDF (HO)
(/Users/fernandoair/Library/TinyTeX/texmf-dist/tex/latex/graphics/lscape.sty
Package: lscape 2020/05/28 v3.02 Landscape Pages (DPC)
)
Package pdflscape Info: Auto-detected driver: pdftex on input line 81.
)) (/Users/fernandoair/Library/TinyTeX/texmf-dist/tex/latex/tabu/tabu.sty
Package: tabu 2019/01/11 v2.9 - flexible LaTeX tabulars (FC+tabu-fixed)
(/Users/fernandoair/Library/TinyTeX/texmf-dist/tex/latex/varwidth/varwidth.sty
Package: varwidth 2009/03/30 ver 0.92;  Variable-width minipages
\@vwid@box=\box65
\sift@deathcycles=\count304
\@vwid@loff=\dimen183
\@vwid@roff=\dimen184
)
\c@taburow=\count305
\tabu@nbcols=\count306
\tabu@cnt=\count307
\tabu@Xcol=\count308
\tabu@alloc=\count309
\tabu@nested=\count310
\tabu@target=\dimen185
\tabu@spreadtarget=\dimen186
\tabu@naturalX=\dimen187
\tabucolX=\dimen188
\tabu@Xsum=\dimen189
\extrarowdepth=\dimen190
\abovetabulinesep=\dimen191
\belowtabulinesep=\dimen192
\tabustrutrule=\dimen193
\tabu@thebody=\toks34
\tabu@footnotes=\toks35
\tabu@box=\box66
\tabu@arstrutbox=\box67
\tabu@hleads=\box68
\tabu@vleads=\box69
\tabu@cellskip=\skip70
) (/Users/fernandoair/Library/TinyTeX/texmf-dist/tex/latex/threeparttable/threeparttable.sty
Package: threeparttable 2003/06/13  v 3.0
\@tempboxb=\box70
) (/Users/fernandoair/Library/TinyTeX/texmf-dist/tex/latex/threeparttablex/threeparttablex.sty
Package: threeparttablex 2013/07/23 v0.3 by daleif
(/Users/fernandoair/Library/TinyTeX/texmf-dist/tex/latex/environ/environ.sty
Package: environ 2014/05/04 v0.3 A new way to define environments
(/Users/fernandoair/Library/TinyTeX/texmf-dist/tex/latex/trimspaces/trimspaces.sty
Package: trimspaces 2009/09/17 v1.1 Trim spaces around a token list
))
\TPTL@width=\skip71
) (/Users/fernandoair/Library/TinyTeX/texmf-dist/tex/generic/ulem/ulem.sty
\UL@box=\box71
\UL@hyphenbox=\box72
\UL@skip=\skip72
\UL@hook=\toks36
\UL@height=\dimen194
\UL@pe=\count311
\UL@pixel=\dimen195
\ULC@box=\box73
Package: ulem 2019/11/18
\ULdepth=\dimen196
) (/Users/fernandoair/Library/TinyTeX/texmf-dist/tex/latex/makecell/makecell.sty
Package: makecell 2009/08/03 V0.1e Managing of Tab Column Heads and Cells
\rotheadsize=\dimen197
\c@nlinenum=\count312
\TeXr@lab=\toks37
) (/Users/fernandoair/Library/TinyTeX/texmf-dist/tex/latex/bookmark/bookmark.sty
Package: bookmark 2023-12-10 v1.31 PDF bookmarks (HO)
(/Users/fernandoair/Library/TinyTeX/texmf-dist/tex/latex/hyperref/hyperref.sty
Package: hyperref 2024-11-05 v7.01l Hypertext links for LaTeX
(/Users/fernandoair/Library/TinyTeX/texmf-dist/tex/generic/kvdefinekeys/kvdefinekeys.sty
Package: kvdefinekeys 2019-12-19 v1.6 Define keys (HO)
) (/Users/fernandoair/Library/TinyTeX/texmf-dist/tex/generic/pdfescape/pdfescape.sty
Package: pdfescape 2019/12/09 v1.15 Implements pdfTeX's escape features (HO)
(/Users/fernandoair/Library/TinyTeX/texmf-dist/tex/generic/pdftexcmds/pdftexcmds.sty
Package: pdftexcmds 2020-06-27 v0.33 Utility functions of pdfTeX for LuaTeX (HO)
(/Users/fernandoair/Library/TinyTeX/texmf-dist/tex/generic/infwarerr/infwarerr.sty
Package: infwarerr 2019/12/03 v1.5 Providing info/warning/error messages (HO)
)
Package pdftexcmds Info: \pdf@primitive is available.
Package pdftexcmds Info: \pdf@ifprimitive is available.
Package pdftexcmds Info: \pdfdraftmode found.
)) (/Users/fernandoair/Library/TinyTeX/texmf-dist/tex/latex/hycolor/hycolor.sty
Package: hycolor 2020-01-27 v1.10 Color options for hyperref/bookmark (HO)
) (/Users/fernandoair/Library/TinyTeX/texmf-dist/tex/latex/hyperref/nameref.sty
Package: nameref 2023-11-26 v2.56 Cross-referencing by name of section
(/Users/fernandoair/Library/TinyTeX/texmf-dist/tex/latex/refcount/refcount.sty
Package: refcount 2019/12/15 v3.6 Data extraction from label references (HO)
) (/Users/fernandoair/Library/TinyTeX/texmf-dist/tex/generic/gettitlestring/gettitlestring.sty
Package: gettitlestring 2019/12/15 v1.6 Cleanup title references (HO)
)
\c@section@level=\count313
) (/Users/fernandoair/Library/TinyTeX/texmf-dist/tex/generic/stringenc/stringenc.sty
Package: stringenc 2019/11/29 v1.12 Convert strings between diff. encodings (HO)
)
\@linkdim=\dimen198
\Hy@linkcounter=\count314
\Hy@pagecounter=\count315
(/Users/fernandoair/Library/TinyTeX/texmf-dist/tex/latex/hyperref/pd1enc.def
File: pd1enc.def 2024-11-05 v7.01l Hyperref: PDFDocEncoding definition (HO)
Now handling font encoding PD1 ...
... no UTF-8 mapping file for font encoding PD1
) (/Users/fernandoair/Library/TinyTeX/texmf-dist/tex/generic/intcalc/intcalc.sty
Package: intcalc 2019/12/15 v1.3 Expandable calculations with integers (HO)
)
\Hy@SavedSpaceFactor=\count316
(/Users/fernandoair/Library/TinyTeX/texmf-dist/tex/latex/hyperref/puenc.def
File: puenc.def 2024-11-05 v7.01l Hyperref: PDF Unicode definition (HO)
Now handling font encoding PU ...
... no UTF-8 mapping file for font encoding PU
)
Package hyperref Info: Option `unicode' set `true' on input line 4040.
Package hyperref Info: Hyper figures OFF on input line 4157.
Package hyperref Info: Link nesting OFF on input line 4162.
Package hyperref Info: Hyper index ON on input line 4165.
Package hyperref Info: Plain pages OFF on input line 4172.
Package hyperref Info: Backreferencing OFF on input line 4177.
Package hyperref Info: Implicit mode ON; LaTeX internals redefined.
Package hyperref Info: Bookmarks ON on input line 4424.
\c@Hy@tempcnt=\count317
(/Users/fernandoair/Library/TinyTeX/texmf-dist/tex/latex/url/url.sty
\Urlmuskip=\muskip18
Package: url 2013/09/16  ver 3.4  Verb mode for urls, etc.
)
LaTeX Info: Redefining \url on input line 4763.
\XeTeXLinkMargin=\dimen199
(/Users/fernandoair/Library/TinyTeX/texmf-dist/tex/generic/bitset/bitset.sty
Package: bitset 2019/12/09 v1.3 Handle bit-vector datatype (HO)
(/Users/fernandoair/Library/TinyTeX/texmf-dist/tex/generic/bigintcalc/bigintcalc.sty
Package: bigintcalc 2019/12/15 v1.5 Expandable calculations on big integers (HO)
))
\Fld@menulength=\count318
\Field@Width=\dimen256
\Fld@charsize=\dimen257
Package hyperref Info: Hyper figures OFF on input line 6042.
Package hyperref Info: Link nesting OFF on input line 6047.
Package hyperref Info: Hyper index ON on input line 6050.
Package hyperref Info: backreferencing OFF on input line 6057.
Package hyperref Info: Link coloring OFF on input line 6062.
Package hyperref Info: Link coloring with OCG OFF on input line 6067.
Package hyperref Info: PDF/A mode OFF on input line 6072.
(/Users/fernandoair/Library/TinyTeX/texmf-dist/tex/latex/base/atbegshi-ltx.sty
Package: atbegshi-ltx 2021/01/10 v1.0c Emulation of the original atbegshi
package with kernel methods
)
\Hy@abspage=\count319
\c@Item=\count320
\c@Hfootnote=\count321
)
Package hyperref Info: Driver (autodetected): hpdftex.
(/Users/fernandoair/Library/TinyTeX/texmf-dist/tex/latex/hyperref/hpdftex.def
File: hpdftex.def 2024-11-05 v7.01l Hyperref driver for pdfTeX
(/Users/fernandoair/Library/TinyTeX/texmf-dist/tex/latex/base/atveryend-ltx.sty
Package: atveryend-ltx 2020/08/19 v1.0a Emulation of the original atveryend package
with kernel methods
)
\Fld@listcount=\count322
\c@bookmark@seq@number=\count323
(/Users/fernandoair/Library/TinyTeX/texmf-dist/tex/latex/rerunfilecheck/rerunfilecheck.sty
Package: rerunfilecheck 2022-07-10 v1.10 Rerun checks for auxiliary files (HO)
(/Users/fernandoair/Library/TinyTeX/texmf-dist/tex/generic/uniquecounter/uniquecounter.sty
Package: uniquecounter 2019/12/15 v1.4 Provide unlimited unique counter (HO)
)
Package uniquecounter Info: New unique counter `rerunfilecheck' on input line 285.
)
\Hy@SectionHShift=\skip73
) (/Users/fernandoair/Library/TinyTeX/texmf-dist/tex/latex/bookmark/bkm-pdftex.def
File: bkm-pdftex.def 2023-12-10 v1.31 bookmark driver for pdfTeX and luaTeX (HO)
\BKM@id=\count324
))
Package hyperref Info: Option `colorlinks' set `true' on input line 110.
LaTeX Font Info:    Trying to load font information for T1+lmr on input line 134.
(/Users/fernandoair/Library/TinyTeX/texmf-dist/tex/latex/lm/t1lmr.fd
File: t1lmr.fd 2015/05/01 v1.6.1 Font defs for Latin Modern
) (/Users/fernandoair/Library/TinyTeX/texmf-dist/tex/latex/l3backend/l3backend-pdftex.def
File: l3backend-pdftex.def 2024-05-08 L3 backend support: PDF output (pdfTeX)
\l__color_backend_stack_int=\count325
\l__pdf_internal_box=\box74
) (./UniversiDATA_FaseFinal.aux)
\openout1 = `UniversiDATA_FaseFinal.aux'.

LaTeX Font Info:    Checking defaults for OML/cmm/m/it on input line 134.
LaTeX Font Info:    ... okay on input line 134.
LaTeX Font Info:    Checking defaults for OMS/cmsy/m/n on input line 134.
LaTeX Font Info:    ... okay on input line 134.
LaTeX Font Info:    Checking defaults for OT1/cmr/m/n on input line 134.
LaTeX Font Info:    ... okay on input line 134.
LaTeX Font Info:    Checking defaults for T1/cmr/m/n on input line 134.
LaTeX Font Info:    ... okay on input line 134.
LaTeX Font Info:    Checking defaults for TS1/cmr/m/n on input line 134.
LaTeX Font Info:    ... okay on input line 134.
LaTeX Font Info:    Checking defaults for OMX/cmex/m/n on input line 134.
LaTeX Font Info:    ... okay on input line 134.
LaTeX Font Info:    Checking defaults for U/cmr/m/n on input line 134.
LaTeX Font Info:    ... okay on input line 134.
LaTeX Font Info:    Checking defaults for PD1/pdf/m/n on input line 134.
LaTeX Font Info:    ... okay on input line 134.
LaTeX Font Info:    Checking defaults for PU/pdf/m/n on input line 134.
LaTeX Font Info:    ... okay on input line 134.
Package microtype Info: Patching varwidth to enable character protrusion.
\MT@vwid@leftmargin=\dimen258
\MT@vwid@rightmargin=\dimen259
LaTeX Info: Redefining \microtypecontext on input line 134.
Package microtype Info: Applying patch `item' on input line 134.
Package microtype Info: Applying patch `toc' on input line 134.
Package microtype Info: Applying patch `eqnum' on input line 134.
Package microtype Info: Applying patch `footnote' on input line 134.
Package microtype Info: Applying patch `verbatim' on input line 134.
LaTeX Info: Redefining \microtypesetup on input line 134.
Package microtype Info: Generating PDF output.
Package microtype Info: Character protrusion enabled (level 2).
Package microtype Info: Using protrusion set `basicmath'.
Package microtype Info: Automatic font expansion enabled (level 2),
(microtype)             stretch: 20, shrink: 20, step: 1, non-selected.
Package microtype Info: Using default expansion set `alltext-nott'.
LaTeX Info: Redefining \showhyphens on input line 134.
Package microtype Info: No adjustment of tracking.
Package microtype Info: No adjustment of interword spacing.
Package microtype Info: No adjustment of character kerning.
(/Users/fernandoair/Library/TinyTeX/texmf-dist/tex/latex/microtype/mt-cmr.cfg
File: mt-cmr.cfg 2013/05/19 v2.2 microtype config. file: Computer Modern Roman (RS)
) (/Users/fernandoair/Library/TinyTeX/texmf-dist/tex/latex/epstopdf-pkg/epstopdf-base.sty
Package: epstopdf-base 2020-01-24 v2.11 Base part for package epstopdf
Package epstopdf-base Info: Redefining graphics rule for `.eps' on input line 485.
(/Users/fernandoair/Library/TinyTeX/texmf-dist/tex/latex/latexconfig/epstopdf-sys.cfg
File: epstopdf-sys.cfg 2010/07/13 v1.3 Configuration of (r)epstopdf for TeX Live
))
*geometry* driver: auto-detecting
*geometry* detected driver: pdftex
*geometry* verbose mode - [ preamble ] result:
* driver: pdftex
* paper: <default>
* layout: <same size as paper>
* layoutoffset:(h,v)=(0.0pt,0.0pt)
* modes: 
* h-part:(L,W,R)=(72.26999pt, 469.75502pt, 72.26999pt)
* v-part:(T,H,B)=(72.26999pt, 650.43001pt, 72.26999pt)
* \paperwidth=614.295pt
* \paperheight=794.96999pt
* \textwidth=469.75502pt
* \textheight=650.43001pt
* \oddsidemargin=0.0pt
* \evensidemargin=0.0pt
* \topmargin=-37.0pt
* \headheight=12.0pt
* \headsep=25.0pt
* \topskip=12.0pt
* \footskip=30.0pt
* \marginparwidth=44.0pt
* \marginparsep=10.0pt
* \columnsep=10.0pt
* \skip\footins=10.8pt plus 4.0pt minus 2.0pt
* \hoffset=0.0pt
* \voffset=0.0pt
* \mag=1000
* \@twocolumnfalse
* \@twosidefalse
* \@mparswitchfalse
* \@reversemarginfalse
* (1in=72.27pt=25.4mm, 1cm=28.453pt)

Package hyperref Info: Link coloring ON on input line 134.
LaTeX Font Info:    Trying to load font information for OT1+lmr on input line 136.
(/Users/fernandoair/Library/TinyTeX/texmf-dist/tex/latex/lm/ot1lmr.fd
File: ot1lmr.fd 2015/05/01 v1.6.1 Font defs for Latin Modern
)
LaTeX Font Info:    Trying to load font information for OML+lmm on input line 136.
(/Users/fernandoair/Library/TinyTeX/texmf-dist/tex/latex/lm/omllmm.fd
File: omllmm.fd 2015/05/01 v1.6.1 Font defs for Latin Modern
)
LaTeX Font Info:    Trying to load font information for OMS+lmsy on input line 136.
(/Users/fernandoair/Library/TinyTeX/texmf-dist/tex/latex/lm/omslmsy.fd
File: omslmsy.fd 2015/05/01 v1.6.1 Font defs for Latin Modern
)
LaTeX Font Info:    Trying to load font information for OMX+lmex on input line 136.
(/Users/fernandoair/Library/TinyTeX/texmf-dist/tex/latex/lm/omxlmex.fd
File: omxlmex.fd 2015/05/01 v1.6.1 Font defs for Latin Modern
)
LaTeX Font Info:    External font `lmex10' loaded for size
(Font)              <14.4> on input line 136.
LaTeX Font Info:    External font `lmex10' loaded for size
(Font)              <10> on input line 136.
LaTeX Font Info:    External font `lmex10' loaded for size
(Font)              <7> on input line 136.
LaTeX Font Info:    Trying to load font information for U+msa on input line 136.
(/Users/fernandoair/Library/TinyTeX/texmf-dist/tex/latex/amsfonts/umsa.fd
File: umsa.fd 2013/01/14 v3.01 AMS symbols A
) (/Users/fernandoair/Library/TinyTeX/texmf-dist/tex/latex/microtype/mt-msa.cfg
File: mt-msa.cfg 2006/02/04 v1.1 microtype config. file: AMS symbols (a) (RS)
)
LaTeX Font Info:    Trying to load font information for U+msb on input line 136.
(/Users/fernandoair/Library/TinyTeX/texmf-dist/tex/latex/amsfonts/umsb.fd
File: umsb.fd 2013/01/14 v3.01 AMS symbols B
) (/Users/fernandoair/Library/TinyTeX/texmf-dist/tex/latex/microtype/mt-msb.cfg
File: mt-msb.cfg 2005/06/01 v1.0 microtype config. file: AMS symbols (b) (RS)
)

[1

{/Users/fernandoair/Library/TinyTeX/texmf-var/fonts/map/pdftex/updmap/pdftex.map}{/Users/fernandoair/Library/TinyTeX/texmf-dist/fonts/enc/dvips/lm/lm-ec.enc}]

[2]
LaTeX Font Info:    External font `lmex10' loaded for size
(Font)              <12> on input line 319.
LaTeX Font Info:    External font `lmex10' loaded for size
(Font)              <8> on input line 319.
LaTeX Font Info:    External font `lmex10' loaded for size
(Font)              <6> on input line 319.
LaTeX Font Info:    External font `lmex10' loaded for size
(Font)              <5> on input line 319.


[3]

[4]

[5]
LaTeX Font Info:    External font `lmex10' loaded for size
(Font)              <10.95> on input line 458.

Underfull \hbox (badness 10000) in paragraph at lines 467--468
[]|\T1/lmr/m/n/10.95 (+20) AH 0.116; Ci
 []


Underfull \hbox (badness 5637) in paragraph at lines 467--468
\T1/lmr/m/n/10.95 (+20) CSJ 0.554; IA
 []


Underfull \hbox (badness 10000) in paragraph at lines 468--468
\T1/lmr/m/n/10.95 (+20) 0.167; UC3M
 []


Underfull \hbox (badness 10000) in paragraph at lines 468--468
\T1/lmr/m/n/10.95 (+20) 0.125; URJC
 []


Overfull \hbox (6.28848pt too wide) in paragraph at lines 475--475
[]|\T1/lmr/m/n/10.95 (-20) NotaMediana| 
 []

<UniversiDATA_FaseFinal_files/figure-latex/plots-1.pdf, id=182, 469.755pt x 361.35pt>
File: UniversiDATA_FaseFinal_files/figure-latex/plots-1.pdf Graphic file (type pdf)
<use UniversiDATA_FaseFinal_files/figure-latex/plots-1.pdf>
Package pdftex.def Info: UniversiDATA_FaseFinal_files/figure-latex/plots-1.pdf  used on input line 493.
(pdftex.def)             Requested size: 469.75386pt x 361.34912pt.
<UniversiDATA_FaseFinal_files/figure-latex//hist_707448b36589.pdf, id=183, 38.1425pt x 38.1425pt>
File: UniversiDATA_FaseFinal_files/figure-latex//hist_707448b36589.pdf Graphic file (type pdf)
<use UniversiDATA_FaseFinal_files/figure-latex//hist_707448b36589.pdf>
Package pdftex.def Info: UniversiDATA_FaseFinal_files/figure-latex//hist_707448b36589.pdf  used on input line 546.
(pdftex.def)             Requested size: 38.30476pt x 38.30476pt.
<UniversiDATA_FaseFinal_files/figure-latex//hist_70744b663312.pdf, id=184, 38.1425pt x 38.1425pt>
File: UniversiDATA_FaseFinal_files/figure-latex//hist_70744b663312.pdf Graphic file (type pdf)
<use UniversiDATA_FaseFinal_files/figure-latex//hist_70744b663312.pdf>
Package pdftex.def Info: UniversiDATA_FaseFinal_files/figure-latex//hist_70744b663312.pdf  used on input line 546.
(pdftex.def)             Requested size: 38.30476pt x 38.30476pt.
<UniversiDATA_FaseFinal_files/figure-latex//hist_70747b782dc6.pdf, id=185, 38.1425pt x 38.1425pt>
File: UniversiDATA_FaseFinal_files/figure-latex//hist_70747b782dc6.pdf Graphic file (type pdf)
<use UniversiDATA_FaseFinal_files/figure-latex//hist_70747b782dc6.pdf>
Package pdftex.def Info: UniversiDATA_FaseFinal_files/figure-latex//hist_70747b782dc6.pdf  used on input line 546.
(pdftex.def)             Requested size: 38.30476pt x 38.30476pt.
<UniversiDATA_FaseFinal_files/figure-latex//hist_7074557be2e6.pdf, id=186, 38.1425pt x 38.1425pt>
File: UniversiDATA_FaseFinal_files/figure-latex//hist_7074557be2e6.pdf Graphic file (type pdf)
<use UniversiDATA_FaseFinal_files/figure-latex//hist_7074557be2e6.pdf>
Package pdftex.def Info: UniversiDATA_FaseFinal_files/figure-latex//hist_7074557be2e6.pdf  used on input line 546.
(pdftex.def)             Requested size: 38.30476pt x 38.30476pt.
<UniversiDATA_FaseFinal_files/figure-latex//hist_70744c90ddb.pdf, id=187, 38.1425pt x 38.1425pt>
File: UniversiDATA_FaseFinal_files/figure-latex//hist_70744c90ddb.pdf Graphic file (type pdf)
<use UniversiDATA_FaseFinal_files/figure-latex//hist_70744c90ddb.pdf>
Package pdftex.def Info: UniversiDATA_FaseFinal_files/figure-latex//hist_70744c90ddb.pdf  used on input line 546.
(pdftex.def)             Requested size: 38.30476pt x 38.30476pt.
<UniversiDATA_FaseFinal_files/figure-latex//hist_707421ab68f7.pdf, id=188, 38.1425pt x 38.1425pt>
File: UniversiDATA_FaseFinal_files/figure-latex//hist_707421ab68f7.pdf Graphic file (type pdf)
<use UniversiDATA_FaseFinal_files/figure-latex//hist_707421ab68f7.pdf>
Package pdftex.def Info: UniversiDATA_FaseFinal_files/figure-latex//hist_707421ab68f7.pdf  used on input line 546.
(pdftex.def)             Requested size: 38.30476pt x 38.30476pt.
<UniversiDATA_FaseFinal_files/figure-latex//hist_70744b1f17ab.pdf, id=189, 38.1425pt x 38.1425pt>
File: UniversiDATA_FaseFinal_files/figure-latex//hist_70744b1f17ab.pdf Graphic file (type pdf)
<use UniversiDATA_FaseFinal_files/figure-latex//hist_70744b1f17ab.pdf>
Package pdftex.def Info: UniversiDATA_FaseFinal_files/figure-latex//hist_70744b1f17ab.pdf  used on input line 546.
(pdftex.def)             Requested size: 38.30476pt x 38.30476pt.
<UniversiDATA_FaseFinal_files/figure-latex//hist_707464913de2.pdf, id=190, 38.1425pt x 38.1425pt>
File: UniversiDATA_FaseFinal_files/figure-latex//hist_707464913de2.pdf Graphic file (type pdf)
<use UniversiDATA_FaseFinal_files/figure-latex//hist_707464913de2.pdf>
Package pdftex.def Info: UniversiDATA_FaseFinal_files/figure-latex//hist_707464913de2.pdf  used on input line 546.
(pdftex.def)             Requested size: 38.30476pt x 38.30476pt.
<UniversiDATA_FaseFinal_files/figure-latex//hist_7074ff9ba12.pdf, id=191, 38.1425pt x 38.1425pt>
File: UniversiDATA_FaseFinal_files/figure-latex//hist_7074ff9ba12.pdf Graphic file (type pdf)
<use UniversiDATA_FaseFinal_files/figure-latex//hist_7074ff9ba12.pdf>
Package pdftex.def Info: UniversiDATA_FaseFinal_files/figure-latex//hist_7074ff9ba12.pdf  used on input line 547.
(pdftex.def)             Requested size: 38.30476pt x 38.30476pt.
<UniversiDATA_FaseFinal_files/figure-latex//hist_70747dbf1fe9.pdf, id=192, 38.1425pt x 38.1425pt>
File: UniversiDATA_FaseFinal_files/figure-latex//hist_70747dbf1fe9.pdf Graphic file (type pdf)
<use UniversiDATA_FaseFinal_files/figure-latex//hist_70747dbf1fe9.pdf>
Package pdftex.def Info: UniversiDATA_FaseFinal_files/figure-latex//hist_70747dbf1fe9.pdf  used on input line 547.
(pdftex.def)             Requested size: 38.30476pt x 38.30476pt.
<UniversiDATA_FaseFinal_files/figure-latex//hist_70742a439ee6.pdf, id=193, 38.1425pt x 38.1425pt>
File: UniversiDATA_FaseFinal_files/figure-latex//hist_70742a439ee6.pdf Graphic file (type pdf)
<use UniversiDATA_FaseFinal_files/figure-latex//hist_70742a439ee6.pdf>
Package pdftex.def Info: UniversiDATA_FaseFinal_files/figure-latex//hist_70742a439ee6.pdf  used on input line 547.
(pdftex.def)             Requested size: 38.30476pt x 38.30476pt.
<UniversiDATA_FaseFinal_files/figure-latex//hist_7074228b455f.pdf, id=194, 38.1425pt x 38.1425pt>
File: UniversiDATA_FaseFinal_files/figure-latex//hist_7074228b455f.pdf Graphic file (type pdf)
<use UniversiDATA_FaseFinal_files/figure-latex//hist_7074228b455f.pdf>
Package pdftex.def Info: UniversiDATA_FaseFinal_files/figure-latex//hist_7074228b455f.pdf  used on input line 547.
(pdftex.def)             Requested size: 38.30476pt x 38.30476pt.
<UniversiDATA_FaseFinal_files/figure-latex//hist_7074541ccd3d.pdf, id=195, 38.1425pt x 38.1425pt>
File: UniversiDATA_FaseFinal_files/figure-latex//hist_7074541ccd3d.pdf Graphic file (type pdf)
<use UniversiDATA_FaseFinal_files/figure-latex//hist_7074541ccd3d.pdf>
Package pdftex.def Info: UniversiDATA_FaseFinal_files/figure-latex//hist_7074541ccd3d.pdf  used on input line 547.
(pdftex.def)             Requested size: 38.30476pt x 38.30476pt.
<UniversiDATA_FaseFinal_files/figure-latex//hist_70743b0d8dba.pdf, id=196, 38.1425pt x 38.1425pt>
File: UniversiDATA_FaseFinal_files/figure-latex//hist_70743b0d8dba.pdf Graphic file (type pdf)
<use UniversiDATA_FaseFinal_files/figure-latex//hist_70743b0d8dba.pdf>
Package pdftex.def Info: UniversiDATA_FaseFinal_files/figure-latex//hist_70743b0d8dba.pdf  used on input line 547.
(pdftex.def)             Requested size: 38.30476pt x 38.30476pt.
<UniversiDATA_FaseFinal_files/figure-latex//hist_70744675a383.pdf, id=197, 38.1425pt x 38.1425pt>
File: UniversiDATA_FaseFinal_files/figure-latex//hist_70744675a383.pdf Graphic file (type pdf)
<use UniversiDATA_FaseFinal_files/figure-latex//hist_70744675a383.pdf>
Package pdftex.def Info: UniversiDATA_FaseFinal_files/figure-latex//hist_70744675a383.pdf  used on input line 547.
(pdftex.def)             Requested size: 38.30476pt x 38.30476pt.
<UniversiDATA_FaseFinal_files/figure-latex//hist_70747ce6eea0.pdf, id=198, 38.1425pt x 38.1425pt>
File: UniversiDATA_FaseFinal_files/figure-latex//hist_70747ce6eea0.pdf Graphic file (type pdf)
<use UniversiDATA_FaseFinal_files/figure-latex//hist_70747ce6eea0.pdf>
Package pdftex.def Info: UniversiDATA_FaseFinal_files/figure-latex//hist_70747ce6eea0.pdf  used on input line 547.
(pdftex.def)             Requested size: 38.30476pt x 38.30476pt.

Overfull \hbox (69.75189pt too wide) in paragraph at lines 542--550
 [][] 
 []



[6 <./UniversiDATA_FaseFinal_files/figure-latex/plots-1.pdf>]

[7]

[8{/Users/fernandoair/Library/TinyTeX/texmf-dist/fonts/enc/dvips/lm/lm-mathit.enc}{/Users/fernandoair/Library/TinyTeX/texmf-dist/fonts/enc/dvips/lm/lm-rm.enc} <./UniversiDATA_FaseFinal_files/figure-latex//hist_707448b36589.pdf> <./UniversiDATA_FaseFinal_files/figure-latex//hist_70744b663312.pdf> <./UniversiDATA_FaseFinal_files/figure-latex//hist_70747b782dc6.pdf> <./UniversiDATA_FaseFinal_files/figure-latex//hist_7074557be2e6.pdf> <./UniversiDATA_FaseFinal_files/figure-latex//hist_70744c90ddb.pdf> <./UniversiDATA_FaseFinal_files/figure-latex//hist_707421ab68f7.pdf> <./UniversiDATA_FaseFinal_files/figure-latex//hist_70744b1f17ab.pdf> <./UniversiDATA_FaseFinal_files/figure-latex//hist_707464913de2.pdf> <./UniversiDATA_FaseFinal_files/figure-latex//hist_7074ff9ba12.pdf> <./UniversiDATA_FaseFinal_files/figure-latex//hist_70747dbf1fe9.pdf> <./UniversiDATA_FaseFinal_files/figure-latex//hist_70742a439ee6.pdf> <./UniversiDATA_FaseFinal_files/figure-latex//hist_7074228b455f.pdf> <./UniversiDATA_FaseFinal_files/figure-latex//hist_7074541ccd3d.pdf> <./UniversiDATA_FaseFinal_files/figure-latex//hist_70743b0d8dba.pdf> <./UniversiDATA_FaseFinal_files/figure-latex//hist_70744675a383.pdf> <./UniversiDATA_FaseFinal_files/figure-latex//hist_70747ce6eea0.pdf>]

[9{/Users/fernandoair/Library/TinyTeX/texmf-dist/fonts/enc/dvips/lm/lm-mathsy.enc}]

[10{/Users/fernandoair/Library/TinyTeX/texmf-dist/fonts/enc/dvips/lm/lm-mathex.enc}]
LaTeX Font Info:    Trying to load font information for TS1+lmr on input line 740.
(/Users/fernandoair/Library/TinyTeX/texmf-dist/tex/latex/lm/ts1lmr.fd
File: ts1lmr.fd 2015/05/01 v1.6.1 Font defs for Latin Modern
)

[11{/Users/fernandoair/Library/TinyTeX/texmf-dist/fonts/enc/dvips/lm/lm-ts1.enc}]

[12]

LaTeX Warning: Command \textperiodcentered invalid in math mode on input line 846.


LaTeX Warning: Command \textperiodcentered invalid in math mode on input line 846.



[13]
<UniversiDATA_FaseFinal_files/figure-latex/importancia RF-1.pdf, id=339, 469.755pt x 216.81pt>
File: UniversiDATA_FaseFinal_files/figure-latex/importancia RF-1.pdf Graphic file (type pdf)
<use UniversiDATA_FaseFinal_files/figure-latex/importancia RF-1.pdf>
Package pdftex.def Info: UniversiDATA_FaseFinal_files/figure-latex/importancia RF-1.pdf  used on input line 915.
(pdftex.def)             Requested size: 469.75386pt x 216.80946pt.
<UniversiDATA_FaseFinal_files/figure-latex/ROC-1.pdf, id=340, 361.35pt x 252.945pt>
File: UniversiDATA_FaseFinal_files/figure-latex/ROC-1.pdf Graphic file (type pdf)
<use UniversiDATA_FaseFinal_files/figure-latex/ROC-1.pdf>
Package pdftex.def Info: UniversiDATA_FaseFinal_files/figure-latex/ROC-1.pdf  used on input line 924.
(pdftex.def)             Requested size: 361.34912pt x 252.94438pt.


[14]

[15 <./UniversiDATA_FaseFinal_files/figure-latex/importancia RF-1.pdf> <./UniversiDATA_FaseFinal_files/figure-latex/ROC-1.pdf>]

[16]

[17]

[18]

[19] (./UniversiDATA_FaseFinal.aux)
 ***********
LaTeX2e <2024-11-01> patch level 2
L3 programming layer <2025-01-18>
 ***********
 ) 
Here is how much of TeX's memory you used:
 15949 strings out of 475131
 261113 string characters out of 5762698
 733491 words of memory out of 5000000
 38320 multiletter control sequences out of 15000+600000
 647763 words of font info for 219 fonts, out of 8000000 for 9000
 14 hyphenation exceptions out of 8191
 83i,13n,93p,1024b,534s stack positions out of 10000i,1000n,20000p,200000b,200000s

pdfTeX warning (dest): name{ref-medialdea2014} has been referenced but does not exist, replaced by a fixed one


pdfTeX warning (dest): name{ref-terry2008} has been referenced but does not exist, replaced by a fixed one


pdfTeX warning (dest): name{ref-craven1978smoothing} has been referenced but does not exist, replaced by a fixed one

</Users/fernandoair/Library/TinyTeX/texmf-dist/fonts/type1/public/lm/lmbx10.pfb></Users/fernandoair/Library/TinyTeX/texmf-dist/fonts/type1/public/lm/lmbx12.pfb></Users/fernandoair/Library/TinyTeX/texmf-dist/fonts/type1/public/lm/lmex10.pfb></Users/fernandoair/Library/TinyTeX/texmf-dist/fonts/type1/public/lm/lmmi12.pfb></Users/fernandoair/Library/TinyTeX/texmf-dist/fonts/type1/public/lm/lmmi8.pfb></Users/fernandoair/Library/TinyTeX/texmf-dist/fonts/type1/public/lm/lmr10.pfb></Users/fernandoair/Library/TinyTeX/texmf-dist/fonts/type1/public/lm/lmr12.pfb></Users/fernandoair/Library/TinyTeX/texmf-dist/fonts/type1/public/lm/lmr17.pfb></Users/fernandoair/Library/TinyTeX/texmf-dist/fonts/type1/public/lm/lmr7.pfb></Users/fernandoair/Library/TinyTeX/texmf-dist/fonts/type1/public/lm/lmr8.pfb></Users/fernandoair/Library/TinyTeX/texmf-dist/fonts/type1/public/lm/lmri12.pfb></Users/fernandoair/Library/TinyTeX/texmf-dist/fonts/type1/public/lm/lmsy10.pfb></Users/fernandoair/Library/TinyTeX/texmf-dist/fonts/type1/public/lm/lmsy8.pfb>
Output written on UniversiDATA_FaseFinal.pdf (19 pages, 412014 bytes).
PDF statistics:
 549 PDF objects out of 1000 (max. 8388607)
 456 compressed objects within 5 object streams
 122 named destinations out of 1000 (max. 500000)
 49376 words of extra memory for PDF output out of 51595 (max. 10000000)

